proguard/seeds.txt
com.qdb.agent.MainActivity
com.qdb.agent.MainActivity: MainActivity()
com.qdb.agent.MainActivity: void updateCheckNewVersion(com.qdb.agent.http.HttpRspObject)
com.qdb.agent.MainActivity: void okFinish(android.view.View)
com.qdb.agent.MainActivity: void updateServerInfo(com.qdb.agent.http.HttpRspObject)
com.qdb.agent.MainActivity: void updateLogin(com.qdb.agent.http.HttpRspObject)
com.qdb.agent.MainActivity: void updateVercode(com.qdb.agent.http.HttpRspObject)
com.qdb.agent.MyApplication
com.qdb.agent.MyApplication: MyApplication()
com.qdb.agent.R$anim: int refresh_progress
com.qdb.agent.R$color: int account_divide
com.qdb.agent.R$color: int backgroud_color
com.qdb.agent.R$color: int black
com.qdb.agent.R$color: int black2
com.qdb.agent.R$color: int bottom_text_color_normal
com.qdb.agent.R$color: int btn_blue_normal
com.qdb.agent.R$color: int btn_blue_pressed
com.qdb.agent.R$color: int btn_gray_normal
com.qdb.agent.R$color: int btn_gray_pressed_status
com.qdb.agent.R$color: int btn_logout_normal
com.qdb.agent.R$color: int btn_logout_pressed
com.qdb.agent.R$color: int btn_pressed_green_solid
com.qdb.agent.R$color: int check_version_title
com.qdb.agent.R$color: int comment_text
com.qdb.agent.R$color: int common_bg
com.qdb.agent.R$color: int depart_color
com.qdb.agent.R$color: int divide
com.qdb.agent.R$color: int error_item_color
com.qdb.agent.R$color: int goods_text
com.qdb.agent.R$color: int gray
com.qdb.agent.R$color: int green
com.qdb.agent.R$color: int grid_state_focused
com.qdb.agent.R$color: int grid_state_pressed
com.qdb.agent.R$color: int ident
com.qdb.agent.R$color: int item_pressed_color
com.qdb.agent.R$color: int lightgreen
com.qdb.agent.R$color: int line_color
com.qdb.agent.R$color: int manager_color
com.qdb.agent.R$color: int modphoto_bottom_bg
com.qdb.agent.R$color: int new_bg_color
com.qdb.agent.R$color: int new_bg_color_press
com.qdb.agent.R$color: int new_btn_color
com.qdb.agent.R$color: int new_btn_color_press
com.qdb.agent.R$color: int orange
com.qdb.agent.R$color: int phone_left_normal
com.qdb.agent.R$dimen: int activity_horizontal_margin
com.qdb.agent.R$dimen: int activity_vertical_margin
com.qdb.agent.R$drawable: int bg
com.qdb.agent.R$drawable: int blue_btn_ok_bj
com.qdb.agent.R$drawable: int blue_btn_ok_normal_shape
com.qdb.agent.R$drawable: int blue_btn_ok_pressed_shape
com.qdb.agent.R$drawable: int btn_ok_bj
com.qdb.agent.R$drawable: int btn_ok_normal_shape
com.qdb.agent.R$drawable: int btn_ok_pressed_shape
com.qdb.agent.R$drawable: int custom_dialog_bg
com.qdb.agent.R$drawable: int green_btn_ok_bj
com.qdb.agent.R$drawable: int green_btn_ok_normal_shape
com.qdb.agent.R$drawable: int green_btn_ok_pressed_shape
com.qdb.agent.R$drawable: int ic_launcher
com.qdb.agent.R$drawable: int icon
com.qdb.agent.R$drawable: int icon_public_loading
com.qdb.agent.R$drawable: int location_bg
com.qdb.agent.R$drawable: int new_version_bg
com.qdb.agent.R$drawable: int white_bg_normal_shape
com.qdb.agent.R$id: int action_settings
com.qdb.agent.R$id: int bo_ll
com.qdb.agent.R$id: int bottom_ll
com.qdb.agent.R$id: int btn_cancel
com.qdb.agent.R$id: int btn_ok
com.qdb.agent.R$id: int content_tv
com.qdb.agent.R$id: int dialog_view
com.qdb.agent.R$id: int fileName
com.qdb.agent.R$id: int imageView_notification
com.qdb.agent.R$id: int img
com.qdb.agent.R$id: int ll_view
com.qdb.agent.R$id: int location_tv
com.qdb.agent.R$id: int log_im
com.qdb.agent.R$id: int progress
com.qdb.agent.R$id: int rate
com.qdb.agent.R$id: int send_ok
com.qdb.agent.R$id: int send_ver_rl
com.qdb.agent.R$id: int sys_tv
com.qdb.agent.R$id: int tel_et
com.qdb.agent.R$id: int tipTextView
com.qdb.agent.R$id: int title
com.qdb.agent.R$id: int title_ll
com.qdb.agent.R$id: int top_im
com.qdb.agent.R$id: int ver_et
com.qdb.agent.R$id: int welcome_tv
...
android.support.v4.view.ViewPager: void setScrollState(int)
android.support.v4.view.ViewPager: void setAdapter(android.support.v4.view.PagerAdapter)
android.support.v4.view.ViewPager: android.support.v4.view.PagerAdapter getAdapter()
android.support.v4.view.ViewPager: void setOnAdapterChangeListener(android.support.v4.view.ViewPager$OnAdapterChangeListener)
android.support.v4.view.ViewPager: int getClientWidth()
android.support.v4.view.ViewPager: void setCurrentItem(int)
android.support.v4.view.ViewPager: int getCurrentItem()
android.support.v4.view.ViewPager: void setOnPageChangeListener(android.support.v4.view.ViewPager$OnPageChangeListener)
android.support.v4.view.ViewPager: void setChildrenDrawingOrderEnabledCompat(boolean)
android.support.v4.view.ViewPager: int getOffscreenPageLimit()
android.support.v4.view.ViewPager: void setOffscreenPageLimit(int)
android.support.v4.view.ViewPager: void setPageMargin(int)
android.support.v4.view.ViewPager: int getPageMargin()
android.support.v4.view.ViewPager: void setPageMarginDrawable(android.graphics.drawable.Drawable)
android.support.v4.view.ViewPager: void setPageMarginDrawable(int)
android.support.v4.view.ViewPager: void setScrollingCacheEnabled(boolean)
android.support.v4.view.ViewPager$SavedState
android.support.v4.view.ViewPager$SavedState: android.os.Parcelable$Creator CREATOR
android.support.v4.widget.DrawerLayout: void setScrimColor(int)
android.support.v4.widget.DrawerLayout: void setDrawerListener(android.support.v4.widget.DrawerLayout$DrawerListener)
android.support.v4.widget.DrawerLayout: void setDrawerLockMode(int)
android.support.v4.widget.DrawerLayout: void setStatusBarBackground(android.graphics.drawable.Drawable)
android.support.v4.widget.DrawerLayout: android.graphics.drawable.Drawable getStatusBarBackgroundDrawable()
android.support.v4.widget.DrawerLayout: void setStatusBarBackground(int)
android.support.v4.widget.DrawerLayout: void setStatusBarBackgroundColor(int)
android.support.v4.widget.DrawerLayout$SavedState
android.support.v4.widget.DrawerLayout$SavedState: android.os.Parcelable$Creator CREATOR
android.support.v4.widget.NestedScrollView: void setNestedScrollingEnabled(boolean)
android.support.v4.widget.NestedScrollView: int getNestedScrollAxes()
android.support.v4.widget.NestedScrollView: float getTopFadingEdgeStrength()
android.support.v4.widget.NestedScrollView: float getBottomFadingEdgeStrength()
android.support.v4.widget.NestedScrollView: int getMaxScrollAmount()
android.support.v4.widget.NestedScrollView: void setFillViewport(boolean)
android.support.v4.widget.NestedScrollView: void setSmoothScrollingEnabled(boolean)
android.support.v4.widget.NestedScrollView: float getVerticalScrollFactorCompat()
android.support.v4.widget.NestedScrollView: int getScrollRange()
android.support.v4.widget.NestedScrollView$SavedState
android.support.v4.widget.NestedScrollView$SavedState: android.os.Parcelable$Creator CREATOR