proguard/mapping.txt
com.qdb.agent.MainActivity -> com.qdb.agent.MainActivity:
    android.app.Dialog loginDialog -> a
    android.widget.Button send_ok -> b
    com.qdb.agent.MainActivity$TimeCount time -> c
    android.widget.TextView location_tv -> d
    void onCreate(android.os.Bundle) -> onCreate
    void checkNewVersion() -> a
    void updateCheckNewVersion(com.qdb.agent.http.HttpRspObject) -> updateCheckNewVersion
    void checkVersionDialog(java.lang.String,java.lang.String,java.lang.String) -> a
    void onStop() -> onStop
    void okFinish(android.view.View) -> okFinish
    void onDestroy() -> onDestroy
    void onResume() -> onResume
    void updateServerInfo(com.qdb.agent.http.HttpRspObject) -> updateServerInfo
    void showLoginDialog() -> c
    void login(android.widget.EditText,android.widget.EditText) -> a
    void updateLogin(com.qdb.agent.http.HttpRspObject) -> updateLogin
    void getCode(android.widget.EditText) -> a
    void updateVercode(com.qdb.agent.http.HttpRspObject) -> updateVercode
    boolean bShowNetWorkOk() -> b
    void onStart() -> onStart
    android.widget.Button access$0(com.qdb.agent.MainActivity) -> a
    void access$1(com.qdb.agent.MainActivity,android.widget.EditText,android.widget.EditText) -> a
com.qdb.agent.MainActivity$1 -> com.qdb.agent.a:
    com.qdb.agent.MainActivity this$0 -> a
    android.app.Dialog val$checkVersion -> b
    void onClick(android.view.View) -> onClick
com.qdb.agent.MainActivity$2 -> com.qdb.agent.b:
    com.qdb.agent.MainActivity this$0 -> a
    android.app.Dialog val$checkVersion -> b
    java.lang.String val$url -> c
    void onClick(android.view.View) -> onClick
com.qdb.agent.MainActivity$3 -> com.qdb.agent.c:
    com.qdb.agent.MainActivity this$0 -> a
    android.widget.EditText val$tel_et -> b
    void onClick(android.view.View) -> onClick
com.qdb.agent.MainActivity$4 -> com.qdb.agent.d:
    com.qdb.agent.MainActivity this$0 -> a
    android.widget.EditText val$tel_et -> b
    android.widget.EditText val$ver_et -> c
    void onClick(android.view.View) -> onClick
com.qdb.agent.MainActivity$TimeCount -> com.qdb.agent.e:
    com.qdb.agent.MainActivity this$0 -> a
    void onFinish() -> onFinish
    void onTick(long) -> onTick
com.qdb.agent.MyApplication -> com.qdb.agent.MyApplication:
    com.qdb.agent.MyApplication instance -> a
    void onCreate() -> onCreate
    void onTerminate() -> onTerminate
com.qdb.agent.bean.TeleBS -> com.qdb.agent.a.a:
    int mcc -> a
    int mnc -> b
    int lac -> c
    int cellid -> d
    java.lang.String mncType -> e
    java.util.List infoLists -> f
    android.net.wifi.WifiInfo info -> g
    int getMcc() -> a
    int getMnc() -> b
    void setMcc(int) -> a
    int getLac() -> c
    void setLac(int) -> b
    void setCellid(int) -> c
    java.lang.String getMncType() -> d
    void setMncType(java.lang.String) -> a
    java.util.List getInfoLists() -> e
    void setInfoLists(java.util.List) -> a
    android.net.wifi.WifiInfo getInfo() -> f
    void setInfo(android.net.wifi.WifiInfo) -> a
com.qdb.agent.comm.Constant -> com.qdb.agent.b.a:
    java.lang.String NEW_URL -> a
    boolean isDebug -> b
    int CHOOSE_PICTURE -> c
    int SENDTYPE -> d
    java.lang.String PhoneListName -> e
    boolean getIsDebug() -> a
    java.lang.String getUserAgent(android.content.Context) -> a
com.qdb.agent.converter.JsonMessageConverter -> com.qdb.agent.c.a:
    java.lang.String TAG -> a
    java.util.Map convertStringToMap(java.lang.String) -> a
    java.util.Map convertJSONObjectToMap(org.json.JSONObject) -> a
    java.lang.Object convertJSONArrayToList(org.json.JSONArray) -> a
com.qdb.agent.converter.MessageConverter -> com.qdb.agent.c.b:
    java.util.Map convertStringToMap(java.lang.String) -> a
...
android.support.v4.content.Loader -> android.support.v4.a.c:
    int mId -> a
    android.support.v4.content.Loader$OnLoadCompleteListener mListener -> b
    boolean mStarted -> c
    boolean mAbandoned -> d
    boolean mReset -> e
    boolean mContentChanged -> f
    boolean mProcessingChange -> g
    void registerListener(int,android.support.v4.content.Loader$OnLoadCompleteListener) -> a
    void unregisterListener(android.support.v4.content.Loader$OnLoadCompleteListener) -> a
    void startLoading() -> a
    void onStartLoading() -> b
    void stopLoading() -> c
    void onStopLoading() -> d
    void reset() -> e
    void onReset() -> f
    java.lang.String dataToString(java.lang.Object) -> a
    java.lang.String toString() -> toString
    void dump(java.lang.String,java.io.FileDescriptor,java.io.PrintWriter,java.lang.String[]) -> a
android.support.v4.content.Loader$OnLoadCompleteListener -> android.support.v4.a.d:
android.support.v4.media.MediaDescriptionCompat -> android.support.v4.media.MediaDescriptionCompat:
    java.lang.String mMediaId -> a
    java.lang.CharSequence mTitle -> b
    java.lang.CharSequence mSubtitle -> c
    java.lang.CharSequence mDescription -> d
    android.graphics.Bitmap mIcon -> e
    android.net.Uri mIconUri -> f
    android.os.Bundle mExtras -> g
    java.lang.Object mDescriptionObj -> h
    android.os.Parcelable$Creator CREATOR -> CREATOR
    int describeContents() -> describeContents
    void writeToParcel(android.os.Parcel,int) -> writeToParcel
    java.lang.String toString() -> toString
    java.lang.Object getMediaDescription() -> a
    android.support.v4.media.MediaDescriptionCompat fromMediaDescription(java.lang.Object) -> a
android.support.v4.media.MediaDescriptionCompat$1 -> android.support.v4.media.a:
    android.support.v4.media.MediaDescriptionCompat createFromParcel(android.os.Parcel) -> a
    android.support.v4.media.MediaDescriptionCompat[] newArray(int) -> a
    java.lang.Object[] newArray(int) -> newArray
    java.lang.Object createFromParcel(android.os.Parcel) -> createFromParcel
android.support.v4.media.MediaDescriptionCompat$Builder -> android.support.v4.media.b:
    java.lang.String mMediaId -> a
    java.lang.CharSequence mTitle -> b
    java.lang.CharSequence mSubtitle -> c
    java.lang.CharSequence mDescription -> d
    android.graphics.Bitmap mIcon -> e
    android.net.Uri mIconUri -> f
    android.os.Bundle mExtras -> g
    android.support.v4.media.MediaDescriptionCompat$Builder setMediaId(java.lang.String) -> a
    android.support.v4.media.MediaDescriptionCompat$Builder setTitle(java.lang.CharSequence) -> a
    android.support.v4.media.MediaDescriptionCompat$Builder setSubtitle(java.lang.CharSequence) -> b
    android.support.v4.media.MediaDescriptionCompat$Builder setDescription(java.lang.CharSequence) -> c
    android.support.v4.media.MediaDescriptionCompat$Builder setIconBitmap(android.graphics.Bitmap) -> a
    android.support.v4.media.MediaDescriptionCompat$Builder setIconUri(android.net.Uri) -> a
    android.support.v4.media.MediaDescriptionCompat$Builder setExtras(android.os.Bundle) -> a
    android.support.v4.media.MediaDescriptionCompat build() -> a
android.support.v4.media.MediaDescriptionCompatApi21 -> android.support.v4.media.c:
    java.lang.String getMediaId(java.lang.Object) -> a
    java.lang.CharSequence getTitle(java.lang.Object) -> b
    java.lang.CharSequence getSubtitle(java.lang.Object) -> c
    java.lang.CharSequence getDescription(java.lang.Object) -> d
    android.graphics.Bitmap getIconBitmap(java.lang.Object) -> e
    android.net.Uri getIconUri(java.lang.Object) -> f
    android.os.Bundle getExtras(java.lang.Object) -> g
    void writeToParcel(java.lang.Object,android.os.Parcel,int) -> a
    java.lang.Object fromParcel(android.os.Parcel) -> a