proguard/usage.txt
com.qdb.agent.BuildConfig
com.qdb.agent.MyApplication:
    24:24:public static com.qdb.agent.MyApplication getInstance()
com.qdb.agent.R
com.qdb.agent.R$anim
com.qdb.agent.R$attr
com.qdb.agent.R$color
com.qdb.agent.R$dimen
com.qdb.agent.R$drawable
com.qdb.agent.R$id
com.qdb.agent.R$layout
com.qdb.agent.R$menu
com.qdb.agent.R$string
com.qdb.agent.R$style
com.qdb.agent.bean.TeleBS:
    30:31:public void setMnc(int)
    48:48:public int getCellid()
com.qdb.agent.comm.Constant:
    public static final int TAKE_PICTURE
    public static final int TYPE_SIGN0
    public static final int TYPE_SIGN1
    public static final java.lang.String SELECTMODE_SINGLE
    public static final java.lang.String SELECTMODE_MULTI
    public static final java.lang.String QRCODE_MAKEFRENDS
    public static final java.lang.String QRCODE_SIGN
    public static final java.lang.String NEW_FRIENDS_USERNAME
    public static final java.lang.String GROUP_USERNAME
    public static final java.lang.String CHAT_ROOM
    public static final java.lang.String MESSAGE_ATTR_IS_VOICE_CALL
    public static final java.lang.String MESSAGE_ATTR_IS_VIDEO_CALL
    public static final java.lang.String MESSAGE_TYPE
    public static final java.lang.String MESSAGE_ATTR_SYSTEM_MESSAGE
    public static final java.lang.String ACCOUNT_REMOVED
    public static final java.lang.String GET_FRIEND_LOCATION_ACTION
    public static final java.lang.String broadmsg_uid
    public static final java.lang.String feedback_uid
    public static final java.lang.String admin
    public static final java.lang.String admin_broadcast
    public static final java.lang.String admin_group
    public static final java.lang.String SPLIT
    public static final java.lang.String FOCUS_REFRESH_UI_BROADCAST_ACTION
    7:7:public Constant()
    74:74:public static java.lang.String getUrl()
    81:81:public static java.lang.String getPayUrl()
    88:88:public static java.lang.String getHXKey()
com.qdb.agent.comm.UrlConstant
com.qdb.agent.converter.JsonMessageConverter:
    34:34:public java.lang.String convertMapToString(java.util.Map)
    59:71:private org.json.JSONObject convertMapToJSONObject(java.util.Map)
    88:92:private org.json.JSONArray convertListToJSONArray(java.util.List)
com.qdb.agent.converter.MessageConverter:
    public abstract java.lang.String convertMapToString(java.util.Map)
com.qdb.agent.http.ErrCode
com.qdb.agent.http.HttpRspObject:
    13:13:public java.lang.String getmRequestObj()
    16:17:public void setmRequestObj(java.lang.String)
    19:19:public java.lang.String getStrMsgID()
    22:23:public void setStrMsgID(java.lang.String)
    25:25:public java.lang.String getRspBody()
com.qdb.agent.http.UrlConstantQdb
com.qdb.agent.receiver.Gps:
    43:54:private void setProvider()
    89:96:public void closeLocation()
com.qdb.agent.receiver.UtilTool:
    30:30:public UtilTool()
    396:403:public static java.lang.String sendGetRequest(java.lang.String)
com.qdb.agent.utils.AppManager
com.qdb.agent.utils.BaseLoginUtil
com.qdb.agent.utils.Build
com.qdb.agent.utils.CheckIdCard
com.qdb.agent.utils.DateFormatUtil
com.qdb.agent.utils.DensityUtil
...
android.support.v4.view.ViewPager$MyAccessibilityDelegate
android.support.v4.view.ViewPager$SimpleOnPageChangeListener
android.support.v4.view.ViewParentCompat:
    218:220:private ViewParentCompat()
    241:241:public static boolean requestSendAccessibilityEvent(android.view.ViewParent,android.view.View,android.view.accessibility.AccessibilityEvent)
    424:425:public static void notifySubtreeAccessibilityStateChanged(android.view.ViewParent,android.view.View,android.view.View,int)
android.support.v4.view.ViewParentCompat$ViewParentCompatICSImpl:
    140:140:public boolean requestSendAccessibilityEvent(android.view.ViewParent,android.view.View,android.view.accessibility.AccessibilityEvent)
android.support.v4.view.ViewParentCompat$ViewParentCompatImpl:
    public abstract boolean requestSendAccessibilityEvent(android.view.ViewParent,android.view.View,android.view.accessibility.AccessibilityEvent)
    public abstract void notifySubtreeAccessibilityStateChanged(android.view.ViewParent,android.view.View,android.view.View,int)
android.support.v4.view.ViewParentCompat$ViewParentCompatKitKatImpl:
    149:151:public void notifySubtreeAccessibilityStateChanged(android.view.ViewParent,android.view.View,android.view.View,int)
android.support.v4.view.ViewParentCompat$ViewParentCompatStubImpl:
    58:64:public boolean requestSendAccessibilityEvent(android.view.ViewParent,android.view.View,android.view.accessibility.AccessibilityEvent)
    133:133:public void notifySubtreeAccessibilityStateChanged(android.view.ViewParent,android.view.View,android.view.View,int)
android.support.v4.view.ViewParentCompatICS
android.support.v4.view.ViewParentCompatKitKat
android.support.v4.view.ViewParentCompatLollipop:
    private static final java.lang.String TAG
    24:24:ViewParentCompatLollipop()
android.support.v4.view.ViewPropertyAnimatorCompat
android.support.v4.view.ViewPropertyAnimatorCompat$1
android.support.v4.view.ViewPropertyAnimatorCompat$BaseViewPropertyAnimatorCompatImpl
android.support.v4.view.ViewPropertyAnimatorCompat$BaseViewPropertyAnimatorCompatImpl$Starter
android.support.v4.view.ViewPropertyAnimatorCompat$ICSViewPropertyAnimatorCompatImpl
android.support.v4.view.ViewPropertyAnimatorCompat$ICSViewPropertyAnimatorCompatImpl$MyVpaListener
android.support.v4.view.ViewPropertyAnimatorCompat$JBMr2ViewPropertyAnimatorCompatImpl
android.support.v4.view.ViewPropertyAnimatorCompat$JBViewPropertyAnimatorCompatImpl
android.support.v4.view.ViewPropertyAnimatorCompat$KitKatViewPropertyAnimatorCompatImpl
android.support.v4.view.ViewPropertyAnimatorCompat$LollipopViewPropertyAnimatorCompatImpl
android.support.v4.view.ViewPropertyAnimatorCompat$ViewPropertyAnimatorCompatImpl
android.support.v4.view.ViewPropertyAnimatorCompatICS
android.support.v4.view.ViewPropertyAnimatorCompatICS$1
android.support.v4.view.ViewPropertyAnimatorCompatJB
android.support.v4.view.ViewPropertyAnimatorCompatJB$1
android.support.v4.view.ViewPropertyAnimatorCompatJellybeanMr2
android.support.v4.view.ViewPropertyAnimatorCompatKK
android.support.v4.view.ViewPropertyAnimatorCompatKK$1
android.support.v4.view.ViewPropertyAnimatorCompatLollipop
android.support.v4.view.ViewPropertyAnimatorListener
android.support.v4.view.ViewPropertyAnimatorListenerAdapter
android.support.v4.view.ViewPropertyAnimatorUpdateListener
android.support.v4.view.WindowCompat
android.support.v4.view.WindowInsetsCompat
android.support.v4.view.WindowInsetsCompatApi21